2016-01-07T16:41:07+08:00(0.59263600) DEBUG: COMMON UPDATE: [急性鼻炎][上呼吸道感染][呼吸系统]+[鼻塞]=3
2016-01-07T16:41:07+08:00(0.81546900) DEBUG: DB RESULT: Y[]+K[1]=1
2016-01-07T16:41:07+08:00(0.81677200) DEBUG: QLog destruct flush cache.

2016-01-07T16:49:36+08:00(0.83689300) DEBUG: COMMON UPDATE: [急性鼻炎][上呼吸道感染][呼吸系统]+[鼻塞]=3
2016-01-07T16:49:36+08:00(0.83692000) DEBUG: YamaiModel::getYamaiId(急性鼻炎,上呼吸道感染,呼吸系统)
2016-01-07T16:49:36+08:00(0.83727400) DEBUG: getYamaiId::Search: [SELECT yamai_id FROM yamai 
		WHERE yamai_name = '急性鼻炎'
		AND yamai_type = '上呼吸道感染'
		AND yamai_system = '呼吸系统'
		] => 
2016-01-07T16:49:36+08:00(0.83883100) DEBUG: getYamaiId::Insert: [INSERT INTO yamai (yamai_id,yamai_name,yamai_type,yamai_system)
		VALUES (NULL,'急性鼻炎','上呼吸道感染','呼吸系统')] => 1
2016-01-07T16:49:36+08:00(0.83925400) DEBUG: KYStoreModel::updateKYScore(1,1,3)
2016-01-07T16:49:36+08:00(0.89237700) DEBUG: KYStoreModel::UPDATE: [INSERT INTO yamai_keyword (yamai_id,keyword_id,relation_score) 
			VALUES (1,1,3)
  			ON DUPLICATE KEY UPDATE relation_score=3
  		] => 1
2016-01-07T16:49:36+08:00(0.89240500) DEBUG: DB RESULT: Y[1]+K[1]=1
2016-01-07T16:49:36+08:00(0.89257100) DEBUG: QLog destruct flush cache.

2016-01-07T16:51:07+08:00(0.72951000) DEBUG: COMMON UPDATE: [急性鼻炎][上呼吸道感染][呼吸系统]+[喷嚏]=3
2016-01-07T16:51:07+08:00(0.72953900) DEBUG: YamaiModel::getYamaiId(急性鼻炎,上呼吸道感染,呼吸系统)
2016-01-07T16:51:07+08:00(0.72986800) DEBUG: getYamaiId::Search: [SELECT yamai_id FROM yamai 
		WHERE yamai_name = '急性鼻炎'
		AND yamai_type = '上呼吸道感染'
		AND yamai_system = '呼吸系统'
		] => 1
2016-01-07T16:51:07+08:00(0.73035400) DEBUG: KYStoreModel::updateKYScore(2,1,3)
2016-01-07T16:51:07+08:00(0.73063500) DEBUG: KYStoreModel::UPDATE: [INSERT INTO yamai_keyword (yamai_id,keyword_id,relation_score) 
			VALUES (1,2,3)
  			ON DUPLICATE KEY UPDATE relation_score=3
  		] => 1
2016-01-07T16:51:07+08:00(0.73065000) DEBUG: DB RESULT: Y[1]+K[2]=1
2016-01-07T16:51:07+08:00(0.73082100) DEBUG: QLog destruct flush cache.

2016-01-07T16:51:17+08:00(0.83963600) DEBUG: COMMON UPDATE: [急性鼻炎][上呼吸道感染][呼吸系统]+[流涕]=3
2016-01-07T16:51:17+08:00(0.83969600) DEBUG: YamaiModel::getYamaiId(急性鼻炎,上呼吸道感染,呼吸系统)
2016-01-07T16:51:17+08:00(0.84007400) DEBUG: getYamaiId::Search: [SELECT yamai_id FROM yamai 
		WHERE yamai_name = '急性鼻炎'
		AND yamai_type = '上呼吸道感染'
		AND yamai_system = '呼吸系统'
		] => 1
2016-01-07T16:51:17+08:00(0.84143800) DEBUG: KYStoreModel::updateKYScore(3,1,3)
2016-01-07T16:51:17+08:00(0.84190400) DEBUG: KYStoreModel::UPDATE: [INSERT INTO yamai_keyword (yamai_id,keyword_id,relation_score) 
			VALUES (1,3,3)
  			ON DUPLICATE KEY UPDATE relation_score=3
  		] => 1
2016-01-07T16:51:17+08:00(0.84192800) DEBUG: DB RESULT: Y[1]+K[3]=1
2016-01-07T16:51:17+08:00(0.84216100) DEBUG: QLog destruct flush cache.

2016-01-07T16:51:36+08:00(0.95019700) DEBUG: COMMON UPDATE: [急性鼻炎][上呼吸道感染][呼吸系统]+[咽喉部刺激症状]=3
2016-01-07T16:51:36+08:00(0.95021000) DEBUG: YamaiModel::getYamaiId(急性鼻炎,上呼吸道感染,呼吸系统)
2016-01-07T16:51:36+08:00(0.95061300) DEBUG: getYamaiId::Search: [SELECT yamai_id FROM yamai 
		WHERE yamai_name = '急性鼻炎'
		AND yamai_type = '上呼吸道感染'
		AND yamai_system = '呼吸系统'
		] => 1
2016-01-07T16:51:36+08:00(0.99212800) DEBUG: KYStoreModel::updateKYScore(4,1,3)
2016-01-07T16:51:36+08:00(0.99249400) DEBUG: KYStoreModel::UPDATE: [INSERT INTO yamai_keyword (yamai_id,keyword_id,relation_score) 
			VALUES (1,4,3)
  			ON DUPLICATE KEY UPDATE relation_score=3
  		] => 1
2016-01-07T16:51:36+08:00(0.99250500) DEBUG: DB RESULT: Y[1]+K[4]=1
2016-01-07T16:51:36+08:00(0.99268700) DEBUG: QLog destruct flush cache.

2016-01-07T16:51:45+08:00(0.22394700) DEBUG: COMMON UPDATE: [急性鼻炎][上呼吸道感染][呼吸系统]+[干咳]=3
2016-01-07T16:51:45+08:00(0.22415900) DEBUG: YamaiModel::getYamaiId(急性鼻炎,上呼吸道感染,呼吸系统)
2016-01-07T16:51:45+08:00(0.22484600) DEBUG: getYamaiId::Search: [SELECT yamai_id FROM yamai 
		WHERE yamai_name = '急性鼻炎'
		AND yamai_type = '上呼吸道感染'
		AND yamai_system = '呼吸系统'
		] => 1
2016-01-07T16:51:45+08:00(0.26896200) DEBUG: KYStoreModel::updateKYScore(5,1,3)
2016-01-07T16:51:45+08:00(0.26938200) DEBUG: KYStoreModel::UPDATE: [INSERT INTO yamai_keyword (yamai_id,keyword_id,relation_score) 
			VALUES (1,5,3)
  			ON DUPLICATE KEY UPDATE relation_score=3
  		] => 1
2016-01-07T16:51:45+08:00(0.26939800) DEBUG: DB RESULT: Y[1]+K[5]=1
2016-01-07T16:51:45+08:00(0.26956400) DEBUG: QLog destruct flush cache.

